<?xml version="1.0" encoding="UTF-8"?>
<testng-results ignored="0" total="1" passed="1" failed="0" skipped="0">
  <reporter-output>
  </reporter-output>
  <suite started-at="2022-09-20T10:54:43 IST" name="Default suite" finished-at="2022-09-20T10:55:16 IST" duration-ms="32759">
    <groups>
    </groups>
    <test started-at="2022-09-20T10:54:43 IST" name="Default test" finished-at="2022-09-20T10:55:16 IST" duration-ms="32759">
      <class name="com.flipKart.AddToCart.AddProduct">
        <test-method is-config="true" signature="openApp()[pri:0, instance:com.flipKart.AddToCart.AddProduct@5524cca1]" started-at="2022-09-20T10:54:43 IST" name="openApp" finished-at="2022-09-20T10:55:01 IST" duration-ms="17901" status="PASS">
          <reporter-output>
          </reporter-output>
        </test-method> <!-- openApp -->
        <test-method signature="addProductTest()[pri:0, instance:com.flipKart.AddToCart.AddProduct@5524cca1]" started-at="2022-09-20T10:55:01 IST" name="addProductTest" finished-at="2022-09-20T10:55:16 IST" duration-ms="14691" status="PASS">
          <reporter-output>
          </reporter-output>
        </test-method> <!-- addProductTest -->
      </class> <!-- com.flipKart.AddToCart.AddProduct -->
    </test> <!-- Default test -->
  </suite> <!-- Default suite -->
</testng-results>
